** Drc report for MotionSensor.kicad_pcb **
** Created on 2026-06-28T15:04:08 **
** Report includes: Errors, Warnings, Exclusions **

** Found 136 DRC violations **
[copper_edge_clearance]: Board edge clearance violation (board setup constraints edge clearance 0.5000 mm; actual 0.1244 mm)
    Rule: board setup constraints edge; error
    @(137.9000 mm, 76.4443 mm): Arc of D2 on Edge.Cuts
    @(138.3000 mm, 76.3972 mm): Pad 4 [Net-(D1-DOUT)] of D2 on B.Cu
[copper_edge_clearance]: Board edge clearance violation (board setup constraints edge clearance 0.5000 mm; actual 0.1244 mm)
    Rule: board setup constraints edge; error
    @(137.9000 mm, 77.8500 mm): Arc of D2 on Edge.Cuts
    @(138.3000 mm, 77.8972 mm): Pad 3 [GND] of D2 on B.Cu
[copper_edge_clearance]: Board edge clearance violation (board setup constraints edge clearance 0.5000 mm; actual 0.0040 mm)
    Rule: board setup constraints edge; error
    @(134.4010 mm, 78.2838 mm): Arc of D2 on Edge.Cuts
    @(133.1000 mm, 77.8972 mm): Pad 2 [unconnected-(D2-DOUT-Pad2)] of D2 on B.Cu
[copper_edge_clearance]: Board edge clearance violation (board setup constraints edge clearance 0.5000 mm; actual 0.1244 mm)
    Rule: board setup constraints edge; error
    @(133.5000 mm, 76.4443 mm): Arc of D2 on Edge.Cuts
    @(133.1000 mm, 76.3972 mm): Pad 1 [+3V3] of D2 on B.Cu
[copper_edge_clearance]: Board edge clearance violation (board setup constraints edge clearance 0.5000 mm; actual 0.1244 mm)
    Rule: board setup constraints edge; error
    @(123.2000 mm, 76.4443 mm): Arc of D1 on Edge.Cuts
    @(123.6000 mm, 76.3972 mm): Pad 4 [3] of D1 on B.Cu
[copper_edge_clearance]: Board edge clearance violation (board setup constraints edge clearance 0.5000 mm; actual 0.1244 mm)
    Rule: board setup constraints edge; error
    @(123.2000 mm, 77.8500 mm): Arc of D1 on Edge.Cuts
    @(123.6000 mm, 77.8972 mm): Pad 3 [GND] of D1 on B.Cu
[copper_edge_clearance]: Board edge clearance violation (board setup constraints edge clearance 0.5000 mm; actual 0.1000 mm)
    Rule: board setup constraints edge; error
    @(119.3000 mm, 77.8500 mm): Segment of D1 on Edge.Cuts
    @(118.4000 mm, 77.8972 mm): Pad 2 [Net-(D1-DOUT)] of D1 on B.Cu
[copper_edge_clearance]: Board edge clearance violation (board setup constraints edge clearance 0.5000 mm; actual 0.0040 mm)
    Rule: board setup constraints edge; error
    @(119.7010 mm, 76.0106 mm): Arc of D1 on Edge.Cuts
    @(118.4000 mm, 76.3972 mm): Pad 1 [+3V3] of D1 on B.Cu
[track_dangling]: Track has unconnected end
    Local override; warning
    @(110.1907 mm, 56.4129 mm): Track [RX-TX] on B.Cu, length 0.1571 mm
[silk_edge_clearance]: Silkscreen clipped by board edge
    Rule: board setup constraints silk; warning
    @(175.2500 mm, 85.0000 mm): Segment on Edge.Cuts
    @(92.2650 mm, 84.9725 mm): Segment of U1 on F.Silkscreen
[silk_edge_clearance]: Silkscreen clipped by board edge
    Rule: board setup constraints silk; warning
    @(175.2500 mm, 85.0000 mm): Segment on Edge.Cuts
    @(92.2650 mm, 84.9725 mm): Segment of U1 on F.Silkscreen
[silk_edge_clearance]: Silkscreen clipped by board edge
    Rule: board setup constraints silk; warning
    @(175.2500 mm, 85.0000 mm): Segment on Edge.Cuts
    @(94.7460 mm, 85.9825 mm): Segment of U1 on F.Silkscreen
[silk_edge_clearance]: Silkscreen clipped by board edge
    Rule: board setup constraints silk; warning
    @(175.2500 mm, 85.0000 mm): Segment on Edge.Cuts
    @(103.7450 mm, 84.9725 mm): Segment of U1 on F.Silkscreen
[silk_edge_clearance]: Silkscreen clipped by board edge
    Rule: board setup constraints silk; warning
    @(175.2500 mm, 85.0000 mm): Segment on Edge.Cuts
    @(92.2650 mm, 83.0675 mm): Arc of U1 on F.Silkscreen
[silk_edge_clearance]: Silkscreen clipped by board edge
    Rule: board setup constraints silk; warning
    @(175.2500 mm, 85.0000 mm): Segment on Edge.Cuts
    @(106.2350 mm, 83.0675 mm): Arc of U1 on F.Silkscreen
[silk_edge_clearance]: Silkscreen clipped by board edge
    Rule: board setup constraints silk; warning
    @(175.2500 mm, 85.0000 mm): Segment on Edge.Cuts
    @(108.2000 mm, 84.7315 mm): Circle of U1 on F.Silkscreen
[text_thickness]: Text thickness out of range (board setup constraints silk text thickness min thickness 0.0800 mm; actual 0.0625 mm)
    Rule: board setup constraints silk text thickness; warning
    @(110.0000 mm, 79.8915 mm): PCB text '1' on F.Silkscreen
[text_height]: Text height out of range (board setup constraints silk text height min height 0.8000 mm; actual 0.5000 mm)
    Rule: board setup constraints silk text height; warning
    @(110.0000 mm, 79.8915 mm): PCB text '1' on F.Silkscreen
[text_thickness]: Text thickness out of range (board setup constraints silk text thickness min thickness 0.0800 mm; actual 0.0625 mm)
    Rule: board setup constraints silk text thickness; warning
    @(110.0000 mm, 74.8915 mm): PCB text '3' on F.Silkscreen
[text_height]: Text height out of range (board setup constraints silk text height min height 0.8000 mm; actual 0.5000 mm)
    Rule: board setup constraints silk text height; warning
    @(110.0000 mm, 74.8915 mm): PCB text '3' on F.Silkscreen
[text_thickness]: Text thickness out of range (board setup constraints silk text thickness min thickness 0.0800 mm; actual 0.0625 mm)
    Rule: board setup constraints silk text thickness; warning
    @(87.7500 mm, 77.1415 mm): PCB text '3V3' on F.Silkscreen
[text_height]: Text height out of range (board setup constraints silk text height min height 0.8000 mm; actual 0.5000 mm)
    Rule: board setup constraints silk text height; warning
    @(87.7500 mm, 77.1415 mm): PCB text '3V3' on F.Silkscreen
[text_thickness]: Text thickness out of range (board setup constraints silk text thickness min thickness 0.0800 mm; actual 0.0625 mm)
    Rule: board setup constraints silk text thickness; warning
    @(110.0000 mm, 82.3915 mm): PCB text '0' on F.Silkscreen
[text_height]: Text height out of range (board setup constraints silk text height min height 0.8000 mm; actual 0.5000 mm)
    Rule: board setup constraints silk text height; warning
    @(110.0000 mm, 82.3915 mm): PCB text '0' on F.Silkscreen
[text_thickness]: Text thickness out of range (board setup constraints silk text thickness min thickness 0.0800 mm; actual 0.0625 mm)
    Rule: board setup constraints silk text thickness; warning
    @(88.0000 mm, 82.1415 mm): PCB text '14' on F.Silkscreen
[text_height]: Text height out of range (board setup constraints silk text height min height 0.8000 mm; actual 0.5000 mm)
    Rule: board setup constraints silk text height; warning
    @(88.0000 mm, 82.1415 mm): PCB text '14' on F.Silkscreen
[text_thickness]: Text thickness out of range (board setup constraints silk text thickness min thickness 0.0800 mm; actual 0.0625 mm)
    Rule: board setup constraints silk text thickness; warning
    @(109.7500 mm, 69.6415 mm): PCB text 'SCL' on F.Silkscreen
[text_height]: Text height out of range (board setup constraints silk text height min height 0.8000 mm; actual 0.5000 mm)
    Rule: board setup constraints silk text height; warning
    @(109.7500 mm, 69.6415 mm): PCB text 'SCL' on F.Silkscreen
[text_thickness]: Text thickness out of range (board setup constraints silk text thickness min thickness 0.0800 mm; actual 0.0625 mm)
    Rule: board setup constraints silk text thickness; warning
    @(109.5000 mm, 67.1415 mm): PCB text 'TX-RX' on F.Silkscreen
[text_height]: Text height out of range (board setup constraints silk text height min height 0.8000 mm; actual 0.5000 mm)
    Rule: board setup constraints silk text height; warning
    @(109.5000 mm, 67.1415 mm): PCB text 'TX-RX' on F.Silkscreen
[text_thickness]: Text thickness out of range (board setup constraints silk text thickness min thickness 0.0800 mm; actual 0.0625 mm)
    Rule: board setup constraints silk text thickness; warning
    @(88.2500 mm, 69.6415 mm): PCB text '9' on F.Silkscreen
[text_height]: Text height out of range (board setup constraints silk text height min height 0.8000 mm; actual 0.5000 mm)
    Rule: board setup constraints silk text height; warning
    @(88.2500 mm, 69.6415 mm): PCB text '9' on F.Silkscreen
[text_thickness]: Text thickness out of range (board setup constraints silk text thickness min thickness 0.0800 mm; actual 0.0625 mm)
    Rule: board setup constraints silk text thickness; warning
    @(86.7500 mm, 67.1415 mm): PCB text 'RX-TX' on F.Silkscreen
[text_height]: Text height out of range (board setup constraints silk text height min height 0.8000 mm; actual 0.5000 mm)
    Rule: board setup constraints silk text height; warning
    @(86.7500 mm, 67.1415 mm): PCB text 'RX-TX' on F.Silkscreen
[text_thickness]: Text thickness out of range (board setup constraints silk text thickness min thickness 0.0800 mm; actual 0.0625 mm)
    Rule: board setup constraints silk text thickness; warning
    @(88.0000 mm, 72.1415 mm): PCB text '10' on F.Silkscreen
[text_height]: Text height out of range (board setup constraints silk text height min height 0.8000 mm; actual 0.5000 mm)
    Rule: board setup constraints silk text height; warning
    @(88.0000 mm, 72.1415 mm): PCB text '10' on F.Silkscreen
[text_thickness]: Text thickness out of range (board setup constraints silk text thickness min thickness 0.0800 mm; actual 0.0625 mm)
    Rule: board setup constraints silk text thickness; warning
    @(87.7500 mm, 79.6415 mm): PCB text 'GND' on F.Silkscreen
[text_height]: Text height out of range (board setup constraints silk text height min height 0.8000 mm; actual 0.5000 mm)
    Rule: board setup constraints silk text height; warning
    @(87.7500 mm, 79.6415 mm): PCB text 'GND' on F.Silkscreen
[text_thickness]: Text thickness out of range (board setup constraints silk text thickness min thickness 0.0800 mm; actual 0.0625 mm)
    Rule: board setup constraints silk text thickness; warning
    @(88.0000 mm, 74.6415 mm): PCB text '11' on F.Silkscreen
[text_height]: Text height out of range (board setup constraints silk text height min height 0.8000 mm; actual 0.5000 mm)
    Rule: board setup constraints silk text height; warning
    @(88.0000 mm, 74.6415 mm): PCB text '11' on F.Silkscreen
[text_thickness]: Text thickness out of range (board setup constraints silk text thickness min thickness 0.0800 mm; actual 0.0625 mm)
    Rule: board setup constraints silk text thickness; warning
    @(109.7500 mm, 72.1415 mm): PCB text 'SDA' on F.Silkscreen
[text_height]: Text height out of range (board setup constraints silk text height min height 0.8000 mm; actual 0.5000 mm)
    Rule: board setup constraints silk text height; warning
    @(109.7500 mm, 72.1415 mm): PCB text 'SDA' on F.Silkscreen
[text_thickness]: Text thickness out of range (board setup constraints silk text thickness min thickness 0.0800 mm; actual 0.0625 mm)
    Rule: board setup constraints silk text thickness; warning
    @(110.0000 mm, 77.3915 mm): PCB text '2' on F.Silkscreen
[text_height]: Text height out of range (board setup constraints silk text height min height 0.8000 mm; actual 0.5000 mm)
    Rule: board setup constraints silk text height; warning
    @(110.0000 mm, 77.3915 mm): PCB text '2' on F.Silkscreen
[text_thickness]: Text thickness out of range (board setup constraints silk text thickness min thickness 0.0800 mm; actual 0.0625 mm)
    Rule: board setup constraints silk text thickness; warning
    @(164.2500 mm, 77.0000 mm): PCB text '4' on F.Silkscreen
[text_height]: Text height out of range (board setup constraints silk text height min height 0.8000 mm; actual 0.5000 mm)
    Rule: board setup constraints silk text height; warning
    @(164.2500 mm, 77.0000 mm): PCB text '4' on F.Silkscreen
[text_thickness]: Text thickness out of range (board setup constraints silk text thickness min thickness 0.0800 mm; actual 0.0625 mm)
    Rule: board setup constraints silk text thickness; warning
    @(158.5000 mm, 77.0000 mm): PCB text 'GND' on F.Silkscreen
[text_height]: Text height out of range (board setup constraints silk text height min height 0.8000 mm; actual 0.5000 mm)
    Rule: board setup constraints silk text height; warning
    @(158.5000 mm, 77.0000 mm): PCB text 'GND' on F.Silkscreen
[text_thickness]: Text thickness out of range (board setup constraints silk text thickness min thickness 0.0800 mm; actual 0.0625 mm)
    Rule: board setup constraints silk text thickness; warning
    @(156.2500 mm, 57.5000 mm): PCB text '14' on F.Silkscreen
[text_height]: Text height out of range (board setup constraints silk text height min height 0.8000 mm; actual 0.5000 mm)
    Rule: board setup constraints silk text height; warning
    @(156.2500 mm, 57.5000 mm): PCB text '14' on F.Silkscreen
[text_thickness]: Text thickness out of range (board setup constraints silk text thickness min thickness 0.0800 mm; actual 0.0625 mm)
    Rule: board setup constraints silk text thickness; warning
    @(166.7500 mm, 57.5000 mm): PCB text '10' on F.Silkscreen
[text_height]: Text height out of range (board setup constraints silk text height min height 0.8000 mm; actual 0.5000 mm)
    Rule: board setup constraints silk text height; warning
    @(166.7500 mm, 57.5000 mm): PCB text '10' on F.Silkscreen
[text_thickness]: Text thickness out of range (board setup constraints silk text thickness min thickness 0.0800 mm; actual 0.0625 mm)
    Rule: board setup constraints silk text thickness; warning
    @(166.7500 mm, 77.0000 mm): PCB text '5' on F.Silkscreen
[text_height]: Text height out of range (board setup constraints silk text height min height 0.8000 mm; actual 0.5000 mm)
    Rule: board setup constraints silk text height; warning
    @(166.7500 mm, 77.0000 mm): PCB text '5' on F.Silkscreen
[text_thickness]: Text thickness out of range (board setup constraints silk text thickness min thickness 0.0800 mm; actual 0.0625 mm)
    Rule: board setup constraints silk text thickness; warning
    @(161.2500 mm, 77.0000 mm): PCB text '3V3
' on F.Silkscreen
[text_height]: Text height out of range (board setup constraints silk text height min height 0.8000 mm; actual 0.5000 mm)
    Rule: board setup constraints silk text height; warning
    @(161.2500 mm, 77.0000 mm): PCB text '3V3
' on F.Silkscreen
[text_thickness]: Text thickness out of range (board setup constraints silk text thickness min thickness 0.0800 mm; actual 0.0625 mm)
    Rule: board setup constraints silk text thickness; warning
    @(163.2500 mm, 57.5000 mm): PCB text 'TX-RX' on F.Silkscreen
[text_height]: Text height out of range (board setup constraints silk text height min height 0.8000 mm; actual 0.5000 mm)
    Rule: board setup constraints silk text height; warning
    @(163.2500 mm, 57.5000 mm): PCB text 'TX-RX' on F.Silkscreen
[text_thickness]: Text thickness out of range (board setup constraints silk text thickness min thickness 0.0800 mm; actual 0.0625 mm)
    Rule: board setup constraints silk text thickness; warning
    @(160.5000 mm, 57.5000 mm): PCB text 'RX-TX' on F.Silkscreen
[text_height]: Text height out of range (board setup constraints silk text height min height 0.8000 mm; actual 0.5000 mm)
    Rule: board setup constraints silk text height; warning
    @(160.5000 mm, 57.5000 mm): PCB text 'RX-TX' on F.Silkscreen
[text_thickness]: Text thickness out of range (board setup constraints silk text thickness min thickness 0.0800 mm; actual 0.0625 mm)
    Rule: board setup constraints silk text thickness; warning
    @(156.5000 mm, 77.0000 mm): PCB text '1' on F.Silkscreen
[text_height]: Text height out of range (board setup constraints silk text height min height 0.8000 mm; actual 0.5000 mm)
    Rule: board setup constraints silk text height; warning
    @(156.5000 mm, 77.0000 mm): PCB text '1' on F.Silkscreen
[text_thickness]: Text thickness out of range (board setup constraints silk text thickness min thickness 0.0800 mm; actual 0.0625 mm)
    Rule: board setup constraints silk text thickness; warning
    @(171.7500 mm, 57.5000 mm): PCB text '8' on F.Silkscreen
[text_height]: Text height out of range (board setup constraints silk text height min height 0.8000 mm; actual 0.5000 mm)
    Rule: board setup constraints silk text height; warning
    @(171.7500 mm, 57.5000 mm): PCB text '8' on F.Silkscreen
[text_thickness]: Text thickness out of range (board setup constraints silk text thickness min thickness 0.0800 mm; actual 0.0625 mm)
    Rule: board setup constraints silk text thickness; warning
    @(171.7500 mm, 77.0000 mm): PCB text '7' on F.Silkscreen
[text_height]: Text height out of range (board setup constraints silk text height min height 0.8000 mm; actual 0.5000 mm)
    Rule: board setup constraints silk text height; warning
    @(171.7500 mm, 77.0000 mm): PCB text '7' on F.Silkscreen
[text_thickness]: Text thickness out of range (board setup constraints silk text thickness min thickness 0.0800 mm; actual 0.0625 mm)
    Rule: board setup constraints silk text thickness; warning
    @(169.2500 mm, 77.0000 mm): PCB text '6' on F.Silkscreen
[text_height]: Text height out of range (board setup constraints silk text height min height 0.8000 mm; actual 0.5000 mm)
    Rule: board setup constraints silk text height; warning
    @(169.2500 mm, 77.0000 mm): PCB text '6' on F.Silkscreen
[text_thickness]: Text thickness out of range (board setup constraints silk text thickness min thickness 0.0800 mm; actual 0.0625 mm)
    Rule: board setup constraints silk text thickness; warning
    @(169.2500 mm, 57.5000 mm): PCB text '9' on F.Silkscreen
[text_height]: Text height out of range (board setup constraints silk text height min height 0.8000 mm; actual 0.5000 mm)
    Rule: board setup constraints silk text height; warning
    @(169.2500 mm, 57.5000 mm): PCB text '9' on F.Silkscreen
[text_thickness]: Text thickness out of range (board setup constraints silk text thickness min thickness 0.0800 mm; actual 0.0625 mm)
    Rule: board setup constraints silk text thickness; warning
    @(158.7500 mm, 57.5000 mm): PCB text '13' on F.Silkscreen
[text_height]: Text height out of range (board setup constraints silk text height min height 0.8000 mm; actual 0.5000 mm)
    Rule: board setup constraints silk text height; warning
    @(158.7500 mm, 57.5000 mm): PCB text '13' on F.Silkscreen
[text_thickness]: Text thickness out of range (board setup constraints silk text thickness min thickness 0.0800 mm; actual 0.0625 mm)
    Rule: board setup constraints silk text thickness; warning
    @(116.4474 mm, 76.7500 mm): PCB text '3V3' on B.Silkscreen
[text_height]: Text height out of range (board setup constraints silk text height min height 0.8000 mm; actual 0.5000 mm)
    Rule: board setup constraints silk text height; warning
    @(116.4474 mm, 76.7500 mm): PCB text '3V3' on B.Silkscreen
[text_thickness]: Text thickness out of range (board setup constraints silk text thickness min thickness 0.0800 mm; actual 0.0625 mm)
    Rule: board setup constraints silk text thickness; warning
    @(126.9474 mm, 78.0000 mm): PCB text 'GND' on B.Silkscreen
[text_height]: Text height out of range (board setup constraints silk text height min height 0.8000 mm; actual 0.5000 mm)
    Rule: board setup constraints silk text height; warning
    @(126.9474 mm, 78.0000 mm): PCB text 'GND' on B.Silkscreen
[text_thickness]: Text thickness out of range (board setup constraints silk text thickness min thickness 0.0800 mm; actual 0.0625 mm)
    Rule: board setup constraints silk text thickness; warning
    @(126.1974 mm, 76.7500 mm): PCB text '3' on B.Silkscreen
[text_height]: Text height out of range (board setup constraints silk text height min height 0.8000 mm; actual 0.5000 mm)
    Rule: board setup constraints silk text height; warning
    @(126.1974 mm, 76.7500 mm): PCB text '3' on B.Silkscreen
[text_thickness]: Text thickness out of range (board setup constraints silk text thickness min thickness 0.0800 mm; actual 0.0625 mm)
    Rule: board setup constraints silk text thickness; warning
    @(131.2000 mm, 76.7500 mm): PCB text '3V3' on B.Silkscreen
[text_height]: Text height out of range (board setup constraints silk text height min height 0.8000 mm; actual 0.5000 mm)
    Rule: board setup constraints silk text height; warning
    @(131.2000 mm, 76.7500 mm): PCB text '3V3' on B.Silkscreen
[text_thickness]: Text thickness out of range (board setup constraints silk text thickness min thickness 0.0800 mm; actual 0.0625 mm)
    Rule: board setup constraints silk text thickness; warning
    @(141.4500 mm, 78.0000 mm): PCB text 'GND' on B.Silkscreen
[text_height]: Text height out of range (board setup constraints silk text height min height 0.8000 mm; actual 0.5000 mm)
    Rule: board setup constraints silk text height; warning
    @(141.4500 mm, 78.0000 mm): PCB text 'GND' on B.Silkscreen
[text_thickness]: Text thickness out of range (board setup constraints silk text thickness min thickness 0.0800 mm; actual 0.0625 mm)
    Rule: board setup constraints silk text thickness; warning
    @(137.5000 mm, 72.2500 mm): PCB text '1' on F.Silkscreen
[text_height]: Text height out of range (board setup constraints silk text height min height 0.8000 mm; actual 0.5000 mm)
    Rule: board setup constraints silk text height; warning
    @(137.5000 mm, 72.2500 mm): PCB text '1' on F.Silkscreen
[text_thickness]: Text thickness out of range (board setup constraints silk text thickness min thickness 0.0800 mm; actual 0.0625 mm)
    Rule: board setup constraints silk text thickness; warning
    @(130.5000 mm, 71.2500 mm): PCB text '1' on F.Silkscreen
[text_height]: Text height out of range (board setup constraints silk text height min height 0.8000 mm; actual 0.5000 mm)
    Rule: board setup constraints silk text height; warning
    @(130.5000 mm, 71.2500 mm): PCB text '1' on F.Silkscreen
[text_thickness]: Text thickness out of range (board setup constraints silk text thickness min thickness 0.0800 mm; actual 0.0625 mm)
    Rule: board setup constraints silk text thickness; warning
    @(123.0000 mm, 72.2500 mm): PCB text '0' on F.Silkscreen
[text_height]: Text height out of range (board setup constraints silk text height min height 0.8000 mm; actual 0.5000 mm)
    Rule: board setup constraints silk text height; warning
    @(123.0000 mm, 72.2500 mm): PCB text '0' on F.Silkscreen
[text_thickness]: Text thickness out of range (board setup constraints silk text thickness min thickness 0.0800 mm; actual 0.0625 mm)
    Rule: board setup constraints silk text thickness; warning
    @(116.0000 mm, 71.2500 mm): PCB text '0' on F.Silkscreen
[text_height]: Text height out of range (board setup constraints silk text height min height 0.8000 mm; actual 0.5000 mm)
    Rule: board setup constraints silk text height; warning
    @(116.0000 mm, 71.2500 mm): PCB text '0' on F.Silkscreen
[text_thickness]: Text thickness out of range (board setup constraints silk text thickness min thickness 0.0800 mm; actual 0.0625 mm)
    Rule: board setup constraints silk text thickness; warning
    @(113.0000 mm, 67.7500 mm): PCB text 'GND' on F.Silkscreen
[text_height]: Text height out of range (board setup constraints silk text height min height 0.8000 mm; actual 0.5000 mm)
    Rule: board setup constraints silk text height; warning
    @(113.0000 mm, 67.7500 mm): PCB text 'GND' on F.Silkscreen
[text_thickness]: Text thickness out of range (board setup constraints silk text thickness min thickness 0.0800 mm; actual 0.0625 mm)
    Rule: board setup constraints silk text thickness; warning
    @(142.0000 mm, 67.7500 mm): PCB text 'GND' on F.Silkscreen
[text_height]: Text height out of range (board setup constraints silk text height min height 0.8000 mm; actual 0.5000 mm)
    Rule: board setup constraints silk text height; warning
    @(142.0000 mm, 67.7500 mm): PCB text 'GND' on F.Silkscreen
[text_thickness]: Text thickness out of range (board setup constraints silk text thickness min thickness 0.0800 mm; actual 0.0625 mm)
    Rule: board setup constraints silk text thickness; warning
    @(127.5000 mm, 67.7500 mm): PCB text 'GND' on F.Silkscreen
[text_height]: Text height out of range (board setup constraints silk text height min height 0.8000 mm; actual 0.5000 mm)
    Rule: board setup constraints silk text height; warning
    @(127.5000 mm, 67.7500 mm): PCB text 'GND' on F.Silkscreen
[text_height]: Text height out of range (board setup constraints silk text height min height 0.8000 mm; actual 0.6350 mm)
    Rule: board setup constraints silk text height; warning
    @(99.2500 mm, 62.6415 mm): Reference field of U1
[text_height]: Text height out of range (board setup constraints silk text height min height 0.8000 mm; actual 0.6350 mm)
    Rule: board setup constraints silk text height; warning
    @(152.7500 mm, 67.0000 mm): Reference field of U2
[text_height]: Text height out of range (board setup constraints silk text height min height 0.8000 mm; actual 0.7500 mm)
    Rule: board setup constraints silk text height; warning
    @(114.7500 mm, 60.5600 mm): Footprint text of J1 (GND)
[text_height]: Text height out of range (board setup constraints silk text height min height 0.8000 mm; actual 0.7500 mm)
    Rule: board setup constraints silk text height; warning
    @(114.7500 mm, 58.0200 mm): Footprint text of J1 (VCC)
[text_height]: Text height out of range (board setup constraints silk text height min height 0.8000 mm; actual 0.7500 mm)
    Rule: board setup constraints silk text height; warning
    @(114.7500 mm, 55.4800 mm): Footprint text of J1 (SCL)
[text_height]: Text height out of range (board setup constraints silk text height min height 0.8000 mm; actual 0.7500 mm)
    Rule: board setup constraints silk text height; warning
    @(114.7500 mm, 52.9400 mm): Footprint text of J1 (SDA)
[silk_over_copper]: Silkscreen clipped by solder mask
    Local override; warning
    @(173.0710 mm, 58.1100 mm): Segment of U2 on F.Silkscreen
    @(156.8800 mm, 58.7220 mm): Pad 14 [unconnected-(U2-D0-Pad14)_1] of U2 on F.Cu
[silk_over_copper]: Silkscreen clipped by solder mask
    Local override; warning
    @(173.0710 mm, 58.1100 mm): Segment of U2 on F.Silkscreen
    @(159.4200 mm, 58.7220 mm): Pad 13 [unconnected-(U2-D1-Pad13)_1] of U2 on F.Cu
[silk_over_copper]: Silkscreen clipped by solder mask
    Local override; warning
    @(173.0710 mm, 58.1100 mm): Segment of U2 on F.Silkscreen
    @(161.9600 mm, 58.7220 mm): Pad 12 [RX-TX] of U2 on F.Cu
[silk_over_copper]: Silkscreen clipped by solder mask
    Local override; warning
    @(173.0710 mm, 58.1100 mm): Segment of U2 on F.Silkscreen
    @(164.5000 mm, 58.7220 mm): Pad 11 [TX-RX] of U2 on F.Cu
[silk_over_copper]: Silkscreen clipped by solder mask
    Local override; warning
    @(173.0710 mm, 58.1100 mm): Segment of U2 on F.Silkscreen
    @(167.0400 mm, 58.7220 mm): Pad 10 [unconnected-(U2-D4-Pad10)_1] of U2 on F.Cu
[silk_over_copper]: Silkscreen clipped by solder mask
    Local override; warning
    @(173.0710 mm, 58.1100 mm): Segment of U2 on F.Silkscreen
    @(169.5800 mm, 58.7220 mm): Pad 9 [unconnected-(U2-D5-Pad9)] of U2 on F.Cu
[silk_over_copper]: Silkscreen clipped by solder mask
    Local override; warning
    @(173.0710 mm, 58.1100 mm): Segment of U2 on F.Silkscreen
    @(172.1200 mm, 58.7220 mm): Pad 8 [unconnected-(U2-D6-Pad8)_1] of U2 on F.Cu
[silk_over_copper]: Silkscreen clipped by solder mask
    Local override; warning
    @(173.0710 mm, 75.8900 mm): Segment of U2 on F.Silkscreen
    @(172.1200 mm, 75.2780 mm): Pad 7 [unconnected-(U2-D7-Pad7)_1] of U2 on F.Cu
[silk_over_copper]: Silkscreen clipped by solder mask
    Local override; warning
    @(173.0710 mm, 75.8900 mm): Segment of U2 on F.Silkscreen
    @(169.5800 mm, 75.2780 mm): Pad 6 [unconnected-(U2-D8-Pad6)_1] of U2 on F.Cu
[silk_over_copper]: Silkscreen clipped by solder mask
    Local override; warning
    @(173.0710 mm, 75.8900 mm): Segment of U2 on F.Silkscreen
    @(167.0400 mm, 75.2780 mm): Pad 5 [unconnected-(U2-D9-Pad5)] of U2 on F.Cu
[silk_over_copper]: Silkscreen clipped by solder mask
    Local override; warning
    @(173.0710 mm, 75.8900 mm): Segment of U2 on F.Silkscreen
    @(164.5000 mm, 75.2780 mm): Pad 4 [unconnected-(U2-D10-Pad4)_1] of U2 on F.Cu
[silk_over_copper]: Silkscreen clipped by solder mask
    Local override; warning
    @(173.0710 mm, 75.8900 mm): Segment of U2 on F.Silkscreen
    @(161.9600 mm, 75.2780 mm): Pad 3 [+3V3] of U2 on F.Cu
[silk_over_copper]: Silkscreen clipped by solder mask
    Local override; warning
    @(173.0710 mm, 75.8900 mm): Segment of U2 on F.Silkscreen
    @(159.4200 mm, 75.2780 mm): Pad 2 [GND] of U2 on F.Cu
[silk_over_copper]: Silkscreen clipped by solder mask
    Local override; warning
    @(173.0710 mm, 75.8900 mm): Segment of U2 on F.Silkscreen
    @(156.8800 mm, 75.2780 mm): Pad 1 [unconnected-(U2-5V-Pad1)_1] of U2 on F.Cu
[silk_over_copper]: Silkscreen clipped by solder mask
    Local override; warning
    @(90.3600 mm, 65.9225 mm): Segment of U1 on F.Silkscreen
    @(90.7950 mm, 66.8115 mm): Pad 8 [RX-TX] of U1 on F.Cu
[silk_over_copper]: Silkscreen clipped by solder mask
    Local override; warning
    @(90.3600 mm, 65.9225 mm): Segment of U1 on F.Silkscreen
    @(90.7950 mm, 69.3515 mm): Pad 9 [unconnected-(U1-GPIO19/D8/SCK-Pad9)] of U1 on F.Cu
[silk_over_copper]: Silkscreen clipped by solder mask
    Local override; warning
    @(90.3600 mm, 65.9225 mm): Segment of U1 on F.Silkscreen
    @(90.7950 mm, 71.8915 mm): Pad 10 [unconnected-(U1-GPIO20/D9/MISO-Pad10)_1] of U1 on F.Cu
[silk_over_copper]: Silkscreen clipped by solder mask
    Local override; warning
    @(90.3600 mm, 65.9225 mm): Segment of U1 on F.Silkscreen
    @(90.7950 mm, 74.4315 mm): Pad 11 [unconnected-(U1-GPIO18/D10/MOSI-Pad11)_1] of U1 on F.Cu
[silk_over_copper]: Silkscreen clipped by solder mask
    Local override; warning
    @(90.3600 mm, 65.9225 mm): Segment of U1 on F.Silkscreen
    @(90.7950 mm, 76.9715 mm): Pad 12 [+3V3] of U1 on F.Cu
[silk_over_copper]: Silkscreen clipped by solder mask
    Local override; warning
    @(90.3600 mm, 65.9225 mm): Segment of U1 on F.Silkscreen
    @(90.7950 mm, 79.5115 mm): Pad 13 [GND] of U1 on F.Cu
[silk_over_copper]: Silkscreen clipped by solder mask
    Local override; warning
    @(90.3600 mm, 65.9225 mm): Segment of U1 on F.Silkscreen
    @(90.7950 mm, 82.0515 mm): Pad 14 [unconnected-(U1-VBUS-Pad14)] of U1 on F.Cu
[silk_over_copper]: Silkscreen clipped by solder mask
    Local override; warning
    @(108.1400 mm, 65.9225 mm): Segment of U1 on F.Silkscreen
    @(107.7050 mm, 74.4315 mm): Pad 4 [3] of U1 on F.Cu
[silk_over_copper]: Silkscreen clipped by solder mask
    Local override; warning
    @(108.1400 mm, 65.9225 mm): Segment of U1 on F.Silkscreen
    @(107.7050 mm, 71.8915 mm): Pad 5 [SDA] of U1 on F.Cu
[silk_over_copper]: Silkscreen clipped by solder mask
    Local override; warning
    @(108.1400 mm, 65.9225 mm): Segment of U1 on F.Silkscreen
    @(107.7050 mm, 69.3515 mm): Pad 6 [SCL] of U1 on F.Cu
[silk_over_copper]: Silkscreen clipped by solder mask
    Local override; warning
    @(108.1400 mm, 65.9225 mm): Segment of U1 on F.Silkscreen
    @(107.7050 mm, 66.8115 mm): Pad 7 [TX-RX] of U1 on F.Cu
[silk_over_copper]: Silkscreen clipped by solder mask
    Local override; warning
    @(108.1400 mm, 65.9225 mm): Segment of U1 on F.Silkscreen
    @(107.7050 mm, 82.0515 mm): Pad 1 [0] of U1 on F.Cu
[silk_over_copper]: Silkscreen clipped by solder mask
    Local override; warning
    @(108.1400 mm, 65.9225 mm): Segment of U1 on F.Silkscreen
    @(107.7050 mm, 79.5115 mm): Pad 2 [1] of U1 on F.Cu
[silk_over_copper]: Silkscreen clipped by solder mask
    Local override; warning
    @(108.1400 mm, 65.9225 mm): Segment of U1 on F.Silkscreen
    @(107.7050 mm, 76.9715 mm): Pad 3 [unconnected-(U1-GPIO2/A2/D2-Pad3)_1] of U1 on F.Cu
[silk_overlap]: Silkscreen clearance
    Rule: board setup constraints silk; warning
    @(140.3083 mm, 77.6638 mm): Polygon of G*** on B.Silkscreen
    @(141.4500 mm, 78.0000 mm): PCB text 'GND' on B.Silkscreen
[silk_overlap]: Silkscreen clearance
    Rule: board setup constraints silk; warning
    @(134.2000 mm, 62.7000 mm): Segment of TP2 on B.Silkscreen
    @(134.1761 mm, 60.6522 mm): Polygon of G*** on B.Silkscreen
[silk_over_copper]: Silkscreen clipped by solder mask
    Local override; warning
    @(138.7834 mm, 76.6249 mm): Polygon of G*** on B.Silkscreen
    @(138.3000 mm, 76.3972 mm): Pad 4 [Net-(D1-DOUT)] of D2 on B.Cu
[silk_over_copper]: Silkscreen clipped by solder mask
    Local override; warning
    @(138.7961 mm, 75.0856 mm): Polygon of G*** on B.Silkscreen
    @(138.3000 mm, 76.3972 mm): Pad 4 [Net-(D1-DOUT)] of D2 on B.Cu
[silk_over_copper]: Silkscreen clipped by solder mask
    Local override; warning
    @(138.9032 mm, 76.3762 mm): Polygon of G*** on B.Silkscreen
    @(138.3000 mm, 76.3972 mm): Pad 4 [Net-(D1-DOUT)] of D2 on B.Cu
[silk_over_copper]: Silkscreen clipped by solder mask
    Local override; warning
    @(138.8704 mm, 76.0443 mm): Polygon of G*** on B.Silkscreen
    @(138.3000 mm, 76.3972 mm): Pad 4 [Net-(D1-DOUT)] of D2 on B.Cu

** Found 0 unconnected pads **

** Found 0 Footprint errors **

** Ignored checks **
    - Footprint has no courtyard defined
    - Track endpoint not centered on via
    - Tuning profile track geometries
    - Footprint doesn't match symbol's footprint filters
    - Footprint component type doesn't match footprint pads

** End of Report **
